<?xml version="1.0" encoding="UTF-8"?>
<!-- Generated by org.testng.reporters.JUnitReportReporter -->
<testsuite hostname="USHYDIVENUGOP06" failures="0" tests="2" name="com.w2a.testCases.AddingUsersTest" time="7.174" errors="0" timestamp="2021-05-15T23:16:57 IST" skipped="0">
  <testcase classname="com.w2a.testCases.AddingUsersTest" name="AddUsers" time="3.476"/>
  <system-out/>
  <testcase classname="com.w2a.testCases.AddingUsersTest" name="AddUsers" time="3.698"/>
  <system-out/>
</testsuite> <!-- com.w2a.testCases.AddingUsersTest -->
