<?xml version="1.0" encoding="UTF-8"?>
<!-- Generated by org.testng.reporters.JUnitReportReporter -->
<testsuite hostname="USHYDIVENUGOP06" failures="0" tests="1" name="com.w2a.testCases.LoginTest" time="3.168" errors="0" timestamp="2021-05-16T08:57:18 IST" skipped="0">
  <testcase classname="com.w2a.testCases.LoginTest" name="loginAsBankManager" time="3.168"/>
  <system-out/>
</testsuite> <!-- com.w2a.testCases.LoginTest -->
