<?xml version="1.0" encoding="UTF-8"?>
<!-- Generated by org.testng.reporters.JUnitReportReporter -->
<testsuite hostname="USHYDIVENUGOP06" failures="0" tests="2" name="com.w2a.testCases.AddingUsersTest" time="13.553" errors="0" timestamp="2021-05-16T08:57:18 IST" skipped="0">
  <testcase classname="com.w2a.testCases.AddingUsersTest" name="AddUsers" time="6.929"/>
  <system-out/>
  <testcase classname="com.w2a.testCases.AddingUsersTest" name="AddUsers" time="6.624"/>
  <system-out/>
</testsuite> <!-- com.w2a.testCases.AddingUsersTest -->
